INFO:     Will watch for changes in these directories: ['/home/administrator/development/isAIInpaintingServices/lama-service']
INFO:     Uvicorn running on http://0.0.0.0:8002 (Press CTRL+C to quit)
INFO:     Started reloader process [3904141] using WatchFiles
/home/administrator/miniconda3/envs/inpaint/lib/python3.11/site-packages/torch/cuda/__init__.py:61: FutureWarning: The pynvml package is deprecated. Please install nvidia-ml-py instead. If you did not install pynvml directly, please report this to the maintainers of the package that installed pynvml for you.
  import pynvml  # type: ignore[import]
INFO:     Started server process [3904168]
INFO:     Waiting for application startup.
INFO:     Application startup complete.
WARNING:  Invalid HTTP request received.
WARNING:  Invalid HTTP request received.
WARNING:  Invalid HTTP request received.
WARNING:  Invalid HTTP request received.
WARNING:  Invalid HTTP request received.
WARNING:  Invalid HTTP request received.
WARNING:  Invalid HTTP request received.
INFO:     Loading SimpleLama model...
INFO:     SimpleLama model loaded successfully.
INFO:     172.167.1.30:35436 - "GET /docs HTTP/1.1" 200 OK
INFO:     172.167.1.30:35436 - "GET /openapi.json HTTP/1.1" 200 OK
INFO:     Shutting down
INFO:     Waiting for application shutdown.
INFO:     Application shutdown complete.
INFO:     Finished server process [3904168]
INFO:     Stopping reloader process [3904141]
