 
 -------------- worker_background@regurgedevgpuobjmodify v5.5.3 (immunity)
--- ***** ----- 
-- ******* ---- Linux-5.15.0-88-generic-x86_64-with-glibc2.35 2025-11-22 16:49:54
- *** --- * --- 
- ** ---------- [config]
- ** ---------- .> app:         worker:0x7f96fa6d8b10
- ** ---------- .> transport:   redis://localhost:6379/0
- ** ---------- .> results:     redis://localhost:6379/0
- *** --- * --- .> concurrency: 72 (prefork)
-- ******* ---- .> task events: OFF (enable -E to monitor tasks in this worker)
--- ***** ----- 
 -------------- [queues]
                .> background_async exchange=celery(direct) key=celery
                .> background_sync  exchange=celery(direct) key=celery

[tasks]
  . tasks.background_task.process_background_insertion_request
  . tasks.background_task.process_background_removal_request
  . tasks.background_task.process_background_replacement_request
  . tasks.inpainting_task.process_complex_inpainting_request
  . tasks.treatment_task.process_complex_treatment_request
  . tasks.video_task.process_video_generation_request

[2025-11-22 16:50:00,427: INFO/MainProcess] Connected to redis://localhost:6379/0
[2025-11-22 16:50:00,432: INFO/MainProcess] mingle: searching for neighbors
[2025-11-22 16:50:01,443: INFO/MainProcess] mingle: all alone
[2025-11-22 16:50:01,461: INFO/MainProcess] worker_background@regurgedevgpuobjmodify ready.

worker: Hitting Ctrl+C again will initiate cold shutdown, terminating all running tasks!

worker: Warm shutdown (MainProcess)
